<?xml version="1.0" encoding="UTF-8"?>
<testsuite name="com.company.batch.config.WarehouseConfigTest" tests="9" skipped="0" failures="0" errors="0" timestamp="2026-07-27T22:45:05.065Z" hostname="IBM-PF6A5FV1" time="3.451">
  <properties/>
  <testcase name="snowflakeDataSource_appliesPoolName()" classname="com.company.batch.config.WarehouseConfigTest" time="2.712"/>
  <testcase name="snowflakeDataSource_configuresSnowflakeDriverWithCredentials()" classname="com.company.batch.config.WarehouseConfigTest" time="0.036"/>
  <testcase name="snowflakeDataSource_appliesTimeoutSettings()" classname="com.company.batch.config.WarehouseConfigTest" time="0.017"/>
  <testcase name="snowflakeTransactionManager_usesEntityManagerFactoryFromBean()" classname="com.company.batch.config.WarehouseConfigTest" time="0.236"/>
  <testcase name="snowflakeTransactionManager_returnsJpaTransactionManager()" classname="com.company.batch.config.WarehouseConfigTest" time="0.01"/>
  <testcase name="snowflakeDataSource_appliesPoolSizeSettings()" classname="com.company.batch.config.WarehouseConfigTest" time="0.027"/>
  <testcase name="snowflakeDataSource_respectsCustomPoolSize()" classname="com.company.batch.config.WarehouseConfigTest" time="0.01"/>
  <testcase name="snowflakeDataSource_returnsHikariDataSource()" classname="com.company.batch.config.WarehouseConfigTest" time="0.014"/>
  <testcase name="snowflakeEntityManagerFactory_setsProvidedDataSource()" classname="com.company.batch.config.WarehouseConfigTest" time="0.354"/>
  <system-out><![CDATA[16:45:07.579 [Test worker] INFO com.company.batch.config.WarehouseConfig -- Configuring Snowflake HikariDataSource with Key Pair authentication
16:45:07.620 [Test worker] INFO com.zaxxer.hikari.HikariDataSource -- HikariPool-Snowflake - Starting...
16:45:07.640 [Test worker] INFO com.zaxxer.hikari.pool.HikariPool -- HikariPool-Snowflake - Added connection Mock for Connection, hashCode: 788592721
16:45:07.652 [Test worker] INFO com.zaxxer.hikari.HikariDataSource -- HikariPool-Snowflake - Start completed.
16:45:07.652 [Test worker] INFO com.company.batch.config.WarehouseConfig -- Snowflake HikariDataSource configured (pool size: 2/10)
16:45:07.744 [Test worker] INFO com.zaxxer.hikari.HikariDataSource -- HikariPool-Snowflake - Shutdown initiated...
16:45:07.751 [Test worker] INFO com.zaxxer.hikari.HikariDataSource -- HikariPool-Snowflake - Shutdown completed.
16:45:07.789 [Test worker] INFO com.company.batch.config.WarehouseConfig -- Configuring Snowflake HikariDataSource with Key Pair authentication
16:45:07.789 [Test worker] INFO com.zaxxer.hikari.HikariDataSource -- HikariPool-Snowflake - Starting...
16:45:07.795 [Test worker] INFO com.zaxxer.hikari.pool.HikariPool -- HikariPool-Snowflake - Added connection Mock for Connection, hashCode: 340441475
16:45:07.795 [Test worker] INFO com.zaxxer.hikari.HikariDataSource -- HikariPool-Snowflake - Start completed.
16:45:07.797 [Test worker] INFO com.company.batch.config.WarehouseConfig -- Snowflake HikariDataSource configured (pool size: 2/10)
16:45:07.828 [Test worker] INFO com.company.batch.config.WarehouseConfig -- Configuring Snowflake HikariDataSource with Key Pair authentication
16:45:07.830 [Test worker] INFO com.zaxxer.hikari.HikariDataSource -- HikariPool-Snowflake - Starting...
16:45:07.832 [Test worker] INFO com.zaxxer.hikari.pool.HikariPool -- HikariPool-Snowflake - Added connection Mock for Connection, hashCode: 1953251612
16:45:07.835 [Test worker] INFO com.zaxxer.hikari.HikariDataSource -- HikariPool-Snowflake - Start completed.
16:45:07.835 [Test worker] INFO com.company.batch.config.WarehouseConfig -- Snowflake HikariDataSource configured (pool size: 2/10)
16:45:07.835 [Test worker] INFO com.zaxxer.hikari.HikariDataSource -- HikariPool-Snowflake - Shutdown initiated...
16:45:07.839 [Test worker] INFO com.zaxxer.hikari.HikariDataSource -- HikariPool-Snowflake - Shutdown completed.
16:45:08.104 [Test worker] INFO com.company.batch.config.WarehouseConfig -- Configuring Snowflake HikariDataSource with Key Pair authentication
16:45:08.118 [Test worker] INFO com.zaxxer.hikari.HikariDataSource -- HikariPool-Snowflake - Starting...
16:45:08.118 [Test worker] INFO com.zaxxer.hikari.pool.HikariPool -- HikariPool-Snowflake - Added connection Mock for Connection, hashCode: 2041553769
16:45:08.118 [Test worker] INFO com.zaxxer.hikari.HikariDataSource -- HikariPool-Snowflake - Start completed.
16:45:08.118 [Test worker] INFO com.company.batch.config.WarehouseConfig -- Snowflake HikariDataSource configured (pool size: 2/10)
16:45:08.118 [Test worker] INFO com.zaxxer.hikari.HikariDataSource -- HikariPool-Snowflake - Shutdown initiated...
16:45:08.128 [Test worker] INFO com.zaxxer.hikari.HikariDataSource -- HikariPool-Snowflake - Shutdown completed.
16:45:08.136 [Test worker] INFO com.company.batch.config.WarehouseConfig -- Configuring Snowflake HikariDataSource with Key Pair authentication
16:45:08.136 [Test worker] INFO com.zaxxer.hikari.HikariDataSource -- HikariPool-Snowflake - Starting...
16:45:08.136 [Test worker] INFO com.zaxxer.hikari.pool.HikariPool -- HikariPool-Snowflake - Added connection Mock for Connection, hashCode: 771666241
16:45:08.136 [Test worker] INFO com.zaxxer.hikari.HikariDataSource -- HikariPool-Snowflake - Start completed.
16:45:08.136 [Test worker] INFO com.company.batch.config.WarehouseConfig -- Snowflake HikariDataSource configured (pool size: 5/20)
16:45:08.136 [Test worker] INFO com.zaxxer.hikari.HikariDataSource -- HikariPool-Snowflake - Shutdown initiated...
16:45:08.144 [Test worker] INFO com.zaxxer.hikari.HikariDataSource -- HikariPool-Snowflake - Shutdown completed.
16:45:08.152 [Test worker] INFO com.company.batch.config.WarehouseConfig -- Configuring Snowflake HikariDataSource with Key Pair authentication
16:45:08.152 [Test worker] INFO com.zaxxer.hikari.HikariDataSource -- HikariPool-Snowflake - Starting...
16:45:08.152 [Test worker] INFO com.zaxxer.hikari.pool.HikariPool -- HikariPool-Snowflake - Added connection Mock for Connection, hashCode: 1578633903
16:45:08.152 [Test worker] INFO com.zaxxer.hikari.HikariDataSource -- HikariPool-Snowflake - Start completed.
16:45:08.152 [Test worker] INFO com.company.batch.config.WarehouseConfig -- Snowflake HikariDataSource configured (pool size: 2/10)
16:45:08.152 [Test worker] INFO com.zaxxer.hikari.HikariDataSource -- HikariPool-Snowflake - Shutdown initiated...
16:45:08.160 [Test worker] INFO com.zaxxer.hikari.HikariDataSource -- HikariPool-Snowflake - Shutdown completed.
]]></system-out>
  <system-err><![CDATA[]]></system-err>
</testsuite>
